
{"time": "2019-02-26 13:05:59,144", "name": "Creating temporary files..", "level": "INFO", "data": {"logger_name": "legion"}, "context": {"module": "logic", "filename": "logic.py", "line": 30}}
{"time": "2019-02-26 13:05:59,147", "name": "/mnt/c/Users/hackm/OneDrive/Documents/Customers/GVIT/GIT/legion/", "level": "INFO", "data": {"logger_name": "legion"}, "context": {"module": "logic", "filename": "logic.py", "line": 32}}
{"time": "2019-02-26 13:05:59,152", "name": "Wordlist was created/opened: ./tmp/legion-mdzit9o7-tool-output/legion-usernames.txt", "level": "INFO", "data": {"logger_name": "legion"}, "context": {"module": "auxiliary", "filename": "auxiliary.py", "line": 185}}
{"time": "2019-02-26 13:05:59,155", "name": "Wordlist was created/opened: ./tmp/legion-mdzit9o7-tool-output/legion-passwords.txt", "level": "INFO", "data": {"logger_name": "legion"}, "context": {"module": "auxiliary", "filename": "auxiliary.py", "line": 185}}
{"time": "2019-02-26 13:05:59,163", "name": "/mnt/c/Users/hackm/OneDrive/Documents/Customers/GVIT/GIT/legion/tmp/legion-sfautv7t.legion", "level": "INFO", "data": {"logger_name": "legion"}, "context": {"module": "logic", "filename": "logic.py", "line": 42}}
{"time": "2019-02-26 13:05:59,865", "name": "Loading settings file..", "level": "INFO", "data": {"logger_name": "legion"}, "context": {"module": "settings", "filename": "settings.py", "line": 26}}
{"time": "2019-02-26 13:06:14,835", "name": "runStagedNmap called for stage 1", "level": "INFO", "data": {"logger_name": "legion"}, "context": {"module": "controller", "filename": "controller.py", "line": 666}}
{"time": "2019-02-26 13:06:14,840", "name": "Add process", "level": "INFO", "data": {"logger_name": "legion"}, "context": {"module": "logic", "filename": "logic.py", "line": 417}}
{"time": "2019-02-26 13:06:14,843", "name": "<db.database.process object at 0x7f2f4418f898>", "level": "INFO", "data": {"logger_name": "legion"}, "context": {"module": "logic", "filename": "logic.py", "line": 420}}
{"time": "2019-02-26 13:06:14,844", "name": "DB lock aquired", "level": "INFO", "data": {"logger_name": "legion"}, "context": {"module": "database", "filename": "database.py", "line": 279}}
{"time": "2019-02-26 13:06:14,850", "name": "Waiting 0.33s before commit...", "level": "INFO", "data": {"logger_name": "legion"}, "context": {"module": "database", "filename": "database.py", "line": 283}}
{"time": "2019-02-26 13:06:15,200", "name": "DB lock released", "level": "INFO", "data": {"logger_name": "legion"}, "context": {"module": "database", "filename": "database.py", "line": 299}}
{"time": "2019-02-26 13:06:15,206", "name": "Queuing: nmap -T4 -sC -sSU -p T:80,443 192.168.2.2 -oA ./tmp/legion-eaie8utr-running/nmap/20190226130614838488-nmapstage1", "level": "INFO", "data": {"logger_name": "legion"}, "context": {"module": "controller", "filename": "controller.py", "line": 606}}
{"time": "2019-02-26 13:06:15,258", "name": "DB lock aquired", "level": "INFO", "data": {"logger_name": "legion"}, "context": {"module": "database", "filename": "database.py", "line": 279}}
{"time": "2019-02-26 13:06:15,260", "name": "Waiting 0.65s before commit...", "level": "INFO", "data": {"logger_name": "legion"}, "context": {"module": "database", "filename": "database.py", "line": 283}}
{"time": "2019-02-26 13:06:15,932", "name": "DB lock released", "level": "INFO", "data": {"logger_name": "legion"}, "context": {"module": "database", "filename": "database.py", "line": 299}}
{"time": "2019-02-26 13:06:15,934", "name": "runCommand called for stage 1", "level": "INFO", "data": {"logger_name": "legion"}, "context": {"module": "controller", "filename": "controller.py", "line": 622}}
{"time": "2019-02-26 13:06:15,934", "name": "runCommand connected for stage 1", "level": "INFO", "data": {"logger_name": "legion"}, "context": {"module": "controller", "filename": "controller.py", "line": 625}}
{"time": "2019-02-26 13:07:36,413", "name": "DB lock aquired", "level": "INFO", "data": {"logger_name": "legion"}, "context": {"module": "database", "filename": "database.py", "line": 279}}
{"time": "2019-02-26 13:07:36,415", "name": "Waiting 0.81s before commit...", "level": "INFO", "data": {"logger_name": "legion"}, "context": {"module": "database", "filename": "database.py", "line": 283}}
{"time": "2019-02-26 13:07:37,271", "name": "DB lock released", "level": "INFO", "data": {"logger_name": "legion"}, "context": {"module": "database", "filename": "database.py", "line": 299}}
{"time": "2019-02-26 13:07:37,403", "name": "Process 1 is done!", "level": "INFO", "data": {"logger_name": "legion"}, "context": {"module": "controller", "filename": "controller.py", "line": 738}}
{"time": "2019-02-26 13:07:37,475", "name": "Storing process output into db: <db.database.process_output object at 0x7f2f440346a0>", "level": "INFO", "data": {"logger_name": "legion"}, "context": {"module": "logic", "filename": "logic.py", "line": 525}}
{"time": "2019-02-26 13:07:37,629", "name": "DB lock aquired", "level": "INFO", "data": {"logger_name": "legion"}, "context": {"module": "database", "filename": "database.py", "line": 279}}
{"time": "2019-02-26 13:07:37,632", "name": "Waiting 0.05s before commit...", "level": "INFO", "data": {"logger_name": "legion"}, "context": {"module": "database", "filename": "database.py", "line": 283}}
{"time": "2019-02-26 13:07:37,726", "name": "DB lock released", "level": "INFO", "data": {"logger_name": "legion"}, "context": {"module": "database", "filename": "database.py", "line": 299}}
{"time": "2019-02-26 13:07:37,732", "name": "Halting process panel update timer as all processes are finished.", "level": "INFO", "data": {"logger_name": "legion"}, "context": {"module": "controller", "filename": "controller.py", "line": 544}}
{"time": "2019-02-26 13:07:37,742", "name": "runStagedNmap called for stage 2", "level": "INFO", "data": {"logger_name": "legion"}, "context": {"module": "controller", "filename": "controller.py", "line": 666}}
{"time": "2019-02-26 13:07:37,761", "name": "Add process", "level": "INFO", "data": {"logger_name": "legion"}, "context": {"module": "logic", "filename": "logic.py", "line": 417}}
{"time": "2019-02-26 13:07:37,776", "name": "<db.database.process object at 0x7f2f44023080>", "level": "INFO", "data": {"logger_name": "legion"}, "context": {"module": "logic", "filename": "logic.py", "line": 420}}
{"time": "2019-02-26 13:07:37,781", "name": "DB lock aquired", "level": "INFO", "data": {"logger_name": "legion"}, "context": {"module": "database", "filename": "database.py", "line": 279}}
{"time": "2019-02-26 13:07:37,798", "name": "Waiting 0.38s before commit...", "level": "INFO", "data": {"logger_name": "legion"}, "context": {"module": "database", "filename": "database.py", "line": 283}}
{"time": "2019-02-26 13:07:38,236", "name": "DB lock released", "level": "INFO", "data": {"logger_name": "legion"}, "context": {"module": "database", "filename": "database.py", "line": 299}}
{"time": "2019-02-26 13:07:38,246", "name": "Queuing: nmap -T4 -sC -n -sSU -O -p T:25,135,137,139,445,1433,3306,5432,U:137,161,162,1434 192.168.2.2 -oA ./tmp/legion-eaie8utr-running/nmap/20190226130737760118-nmapstage2", "level": "INFO", "data": {"logger_name": "legion"}, "context": {"module": "controller", "filename": "controller.py", "line": 606}}
{"time": "2019-02-26 13:07:38,312", "name": "DB lock aquired", "level": "INFO", "data": {"logger_name": "legion"}, "context": {"module": "database", "filename": "database.py", "line": 279}}
{"time": "2019-02-26 13:07:38,315", "name": "Waiting 0.85s before commit...", "level": "INFO", "data": {"logger_name": "legion"}, "context": {"module": "database", "filename": "database.py", "line": 283}}
{"time": "2019-02-26 13:07:39,186", "name": "DB lock released", "level": "INFO", "data": {"logger_name": "legion"}, "context": {"module": "database", "filename": "database.py", "line": 299}}
{"time": "2019-02-26 13:07:39,189", "name": "runCommand called for stage 2", "level": "INFO", "data": {"logger_name": "legion"}, "context": {"module": "controller", "filename": "controller.py", "line": 622}}
{"time": "2019-02-26 13:07:39,190", "name": "runCommand connected for stage 2", "level": "INFO", "data": {"logger_name": "legion"}, "context": {"module": "controller", "filename": "controller.py", "line": 625}}
{"time": "2019-02-26 13:07:39,222", "name": "Scheduler started!", "level": "INFO", "data": {"logger_name": "legion"}, "context": {"module": "controller", "filename": "controller.py", "line": 771}}
{"time": "2019-02-26 13:07:39,224", "name": "Running tools for: http on 192.168.2.2:80", "level": "INFO", "data": {"logger_name": "legion"}, "context": {"module": "controller", "filename": "controller.py", "line": 784}}
{"time": "2019-02-26 13:07:39,236", "name": "Add process", "level": "INFO", "data": {"logger_name": "legion"}, "context": {"module": "logic", "filename": "logic.py", "line": 417}}
{"time": "2019-02-26 13:07:39,239", "name": "<db.database.process object at 0x7f2f44046048>", "level": "INFO", "data": {"logger_name": "legion"}, "context": {"module": "logic", "filename": "logic.py", "line": 420}}
{"time": "2019-02-26 13:07:39,242", "name": "DB lock aquired", "level": "INFO", "data": {"logger_name": "legion"}, "context": {"module": "database", "filename": "database.py", "line": 279}}
{"time": "2019-02-26 13:07:39,244", "name": "Waiting 0.22s before commit...", "level": "INFO", "data": {"logger_name": "legion"}, "context": {"module": "database", "filename": "database.py", "line": 283}}
{"time": "2019-02-26 13:07:39,494", "name": "DB lock released", "level": "INFO", "data": {"logger_name": "legion"}, "context": {"module": "database", "filename": "database.py", "line": 299}}
{"time": "2019-02-26 13:07:39,499", "name": "Queuing: nikto -o ./tmp/legion-eaie8utr-running/nikto/20190226130739226281-nikto-192.168.2.2-80.txt -p 80 -h 192.168.2.2 -C all", "level": "INFO", "data": {"logger_name": "legion"}, "context": {"module": "controller", "filename": "controller.py", "line": 606}}
{"time": "2019-02-26 13:07:39,543", "name": "DB lock aquired", "level": "INFO", "data": {"logger_name": "legion"}, "context": {"module": "database", "filename": "database.py", "line": 279}}
{"time": "2019-02-26 13:07:39,546", "name": "Waiting 0.35s before commit...", "level": "INFO", "data": {"logger_name": "legion"}, "context": {"module": "database", "filename": "database.py", "line": 283}}
{"time": "2019-02-26 13:07:39,914", "name": "DB lock released", "level": "INFO", "data": {"logger_name": "legion"}, "context": {"module": "database", "filename": "database.py", "line": 299}}
{"time": "2019-02-26 13:07:39,916", "name": "runCommand called for stage 0", "level": "INFO", "data": {"logger_name": "legion"}, "context": {"module": "controller", "filename": "controller.py", "line": 622}}
{"time": "2019-02-26 13:07:39,918", "name": "Running tools for: https on 192.168.2.2:443", "level": "INFO", "data": {"logger_name": "legion"}, "context": {"module": "controller", "filename": "controller.py", "line": 784}}
{"time": "2019-02-26 13:07:39,933", "name": "Add process", "level": "INFO", "data": {"logger_name": "legion"}, "context": {"module": "logic", "filename": "logic.py", "line": 417}}
{"time": "2019-02-26 13:07:39,936", "name": "<db.database.process object at 0x7f2f37d03860>", "level": "INFO", "data": {"logger_name": "legion"}, "context": {"module": "logic", "filename": "logic.py", "line": 420}}
{"time": "2019-02-26 13:07:39,938", "name": "DB lock aquired", "level": "INFO", "data": {"logger_name": "legion"}, "context": {"module": "database", "filename": "database.py", "line": 279}}
{"time": "2019-02-26 13:07:39,943", "name": "Waiting 0.97s before commit...", "level": "INFO", "data": {"logger_name": "legion"}, "context": {"module": "database", "filename": "database.py", "line": 283}}
{"time": "2019-02-26 13:07:40,932", "name": "DB lock released", "level": "INFO", "data": {"logger_name": "legion"}, "context": {"module": "database", "filename": "database.py", "line": 299}}
{"time": "2019-02-26 13:07:40,936", "name": "Queuing: nikto -o ./tmp/legion-eaie8utr-running/nikto/20190226130739922613-nikto-192.168.2.2-443.txt -p 443 -h 192.168.2.2 -C all", "level": "INFO", "data": {"logger_name": "legion"}, "context": {"module": "controller", "filename": "controller.py", "line": 606}}
{"time": "2019-02-26 13:07:40,975", "name": "DB lock aquired", "level": "INFO", "data": {"logger_name": "legion"}, "context": {"module": "database", "filename": "database.py", "line": 279}}
{"time": "2019-02-26 13:07:40,978", "name": "Waiting 0.25s before commit...", "level": "INFO", "data": {"logger_name": "legion"}, "context": {"module": "database", "filename": "database.py", "line": 283}}
{"time": "2019-02-26 13:07:41,271", "name": "DB lock released", "level": "INFO", "data": {"logger_name": "legion"}, "context": {"module": "database", "filename": "database.py", "line": 299}}
{"time": "2019-02-26 13:07:41,273", "name": "runCommand called for stage 0", "level": "INFO", "data": {"logger_name": "legion"}, "context": {"module": "controller", "filename": "controller.py", "line": 622}}
{"time": "2019-02-26 13:07:41,276", "name": "-----------------------------------------------", "level": "INFO", "data": {"logger_name": "legion"}, "context": {"module": "controller", "filename": "controller.py", "line": 780}}
{"time": "2019-02-26 13:07:41,278", "name": "Scheduler ended!", "level": "INFO", "data": {"logger_name": "legion"}, "context": {"module": "controller", "filename": "controller.py", "line": 781}}
{"time": "2019-02-26 13:07:45,641", "name": "DB lock aquired", "level": "INFO", "data": {"logger_name": "legion"}, "context": {"module": "database", "filename": "database.py", "line": 279}}
{"time": "2019-02-26 13:07:45,643", "name": "Waiting 0.73s before commit...", "level": "INFO", "data": {"logger_name": "legion"}, "context": {"module": "database", "filename": "database.py", "line": 283}}
{"time": "2019-02-26 13:07:46,396", "name": "DB lock released", "level": "INFO", "data": {"logger_name": "legion"}, "context": {"module": "database", "filename": "database.py", "line": 299}}
{"time": "2019-02-26 13:07:46,566", "name": "Process 2 is done!", "level": "INFO", "data": {"logger_name": "legion"}, "context": {"module": "controller", "filename": "controller.py", "line": 738}}
{"time": "2019-02-26 13:07:46,658", "name": "Storing process output into db: <db.database.process_output object at 0x7f2f37d03748>", "level": "INFO", "data": {"logger_name": "legion"}, "context": {"module": "logic", "filename": "logic.py", "line": 525}}
{"time": "2019-02-26 13:07:46,842", "name": "DB lock aquired", "level": "INFO", "data": {"logger_name": "legion"}, "context": {"module": "database", "filename": "database.py", "line": 279}}
{"time": "2019-02-26 13:07:46,845", "name": "Waiting 0.49s before commit...", "level": "INFO", "data": {"logger_name": "legion"}, "context": {"module": "database", "filename": "database.py", "line": 283}}
{"time": "2019-02-26 13:07:47,358", "name": "DB lock released", "level": "INFO", "data": {"logger_name": "legion"}, "context": {"module": "database", "filename": "database.py", "line": 299}}
{"time": "2019-02-26 13:07:47,360", "name": "Halting process panel update timer as all processes are finished.", "level": "INFO", "data": {"logger_name": "legion"}, "context": {"module": "controller", "filename": "controller.py", "line": 544}}
{"time": "2019-02-26 13:07:47,365", "name": "runStagedNmap called for stage 3", "level": "INFO", "data": {"logger_name": "legion"}, "context": {"module": "controller", "filename": "controller.py", "line": 666}}
{"time": "2019-02-26 13:07:47,368", "name": "Add process", "level": "INFO", "data": {"logger_name": "legion"}, "context": {"module": "logic", "filename": "logic.py", "line": 417}}
{"time": "2019-02-26 13:07:47,375", "name": "<db.database.process object at 0x7f2f4409bc18>", "level": "INFO", "data": {"logger_name": "legion"}, "context": {"module": "logic", "filename": "logic.py", "line": 420}}
{"time": "2019-02-26 13:07:47,381", "name": "DB lock aquired", "level": "INFO", "data": {"logger_name": "legion"}, "context": {"module": "database", "filename": "database.py", "line": 279}}
{"time": "2019-02-26 13:07:47,395", "name": "Waiting 0.57s before commit...", "level": "INFO", "data": {"logger_name": "legion"}, "context": {"module": "database", "filename": "database.py", "line": 283}}
{"time": "2019-02-26 13:07:47,999", "name": "DB lock released", "level": "INFO", "data": {"logger_name": "legion"}, "context": {"module": "database", "filename": "database.py", "line": 299}}
{"time": "2019-02-26 13:07:48,004", "name": "Queuing: nmap -sV --script=./scripts/nmap/vulners.nse -vvvv 192.168.2.2 -oA ./tmp/legion-eaie8utr-running/nmap/20190226130747368080-nmapstage3", "level": "INFO", "data": {"logger_name": "legion"}, "context": {"module": "controller", "filename": "controller.py", "line": 606}}
{"time": "2019-02-26 13:07:48,048", "name": "DB lock aquired", "level": "INFO", "data": {"logger_name": "legion"}, "context": {"module": "database", "filename": "database.py", "line": 279}}
{"time": "2019-02-26 13:07:48,050", "name": "Waiting 0.44s before commit...", "level": "INFO", "data": {"logger_name": "legion"}, "context": {"module": "database", "filename": "database.py", "line": 283}}
{"time": "2019-02-26 13:07:48,519", "name": "DB lock released", "level": "INFO", "data": {"logger_name": "legion"}, "context": {"module": "database", "filename": "database.py", "line": 299}}
{"time": "2019-02-26 13:07:48,521", "name": "runCommand called for stage 3", "level": "INFO", "data": {"logger_name": "legion"}, "context": {"module": "controller", "filename": "controller.py", "line": 622}}
{"time": "2019-02-26 13:07:48,522", "name": "runCommand connected for stage 3", "level": "INFO", "data": {"logger_name": "legion"}, "context": {"module": "controller", "filename": "controller.py", "line": 625}}
{"time": "2019-02-26 13:07:48,527", "name": "Scheduler started!", "level": "INFO", "data": {"logger_name": "legion"}, "context": {"module": "controller", "filename": "controller.py", "line": 771}}
{"time": "2019-02-26 13:07:48,528", "name": "-----------------------------------------------", "level": "INFO", "data": {"logger_name": "legion"}, "context": {"module": "controller", "filename": "controller.py", "line": 780}}
{"time": "2019-02-26 13:07:48,534", "name": "Scheduler ended!", "level": "INFO", "data": {"logger_name": "legion"}, "context": {"module": "controller", "filename": "controller.py", "line": 781}}
{"time": "2019-02-26 13:07:49,397", "name": "DB lock aquired", "level": "INFO", "data": {"logger_name": "legion"}, "context": {"module": "database", "filename": "database.py", "line": 279}}
{"time": "2019-02-26 13:07:49,398", "name": "Waiting 0.15s before commit...", "level": "INFO", "data": {"logger_name": "legion"}, "context": {"module": "database", "filename": "database.py", "line": 283}}
{"time": "2019-02-26 13:07:49,564", "name": "DB lock released", "level": "INFO", "data": {"logger_name": "legion"}, "context": {"module": "database", "filename": "database.py", "line": 299}}
{"time": "2019-02-26 13:07:51,250", "name": "DB lock aquired", "level": "INFO", "data": {"logger_name": "legion"}, "context": {"module": "database", "filename": "database.py", "line": 279}}
{"time": "2019-02-26 13:07:51,252", "name": "Waiting 0.84s before commit...", "level": "INFO", "data": {"logger_name": "legion"}, "context": {"module": "database", "filename": "database.py", "line": 283}}
{"time": "2019-02-26 13:07:52,094", "name": "DB lock released", "level": "INFO", "data": {"logger_name": "legion"}, "context": {"module": "database", "filename": "database.py", "line": 299}}
{"time": "2019-02-26 13:07:56,552", "name": "DB lock aquired", "level": "INFO", "data": {"logger_name": "legion"}, "context": {"module": "database", "filename": "database.py", "line": 279}}
{"time": "2019-02-26 13:07:56,554", "name": "Waiting 0.87s before commit...", "level": "INFO", "data": {"logger_name": "legion"}, "context": {"module": "database", "filename": "database.py", "line": 283}}
{"time": "2019-02-26 13:07:57,445", "name": "DB lock released", "level": "INFO", "data": {"logger_name": "legion"}, "context": {"module": "database", "filename": "database.py", "line": 299}}
{"time": "2019-02-26 13:07:57,451", "name": "Process 4 is done!", "level": "INFO", "data": {"logger_name": "legion"}, "context": {"module": "controller", "filename": "controller.py", "line": 738}}
{"time": "2019-02-26 13:07:57,456", "name": "Storing process output into db: <db.database.process_output object at 0x7f2f441444e0>", "level": "INFO", "data": {"logger_name": "legion"}, "context": {"module": "logic", "filename": "logic.py", "line": 525}}
{"time": "2019-02-26 13:07:57,474", "name": "DB lock aquired", "level": "INFO", "data": {"logger_name": "legion"}, "context": {"module": "database", "filename": "database.py", "line": 279}}
{"time": "2019-02-26 13:07:57,475", "name": "Waiting 0.46s before commit...", "level": "INFO", "data": {"logger_name": "legion"}, "context": {"module": "database", "filename": "database.py", "line": 283}}
{"time": "2019-02-26 13:07:57,965", "name": "DB lock released", "level": "INFO", "data": {"logger_name": "legion"}, "context": {"module": "database", "filename": "database.py", "line": 299}}
{"time": "2019-02-26 13:07:57,967", "name": "Halting process panel update timer as all processes are finished.", "level": "INFO", "data": {"logger_name": "legion"}, "context": {"module": "controller", "filename": "controller.py", "line": 544}}
{"time": "2019-02-26 13:08:02,105", "name": "DB lock aquired", "level": "INFO", "data": {"logger_name": "legion"}, "context": {"module": "database", "filename": "database.py", "line": 279}}
{"time": "2019-02-26 13:08:02,107", "name": "Waiting 0.66s before commit...", "level": "INFO", "data": {"logger_name": "legion"}, "context": {"module": "database", "filename": "database.py", "line": 283}}
{"time": "2019-02-26 13:08:02,770", "name": "DB lock released", "level": "INFO", "data": {"logger_name": "legion"}, "context": {"module": "database", "filename": "database.py", "line": 299}}
{"time": "2019-02-26 13:09:35,726", "name": "DB lock aquired", "level": "INFO", "data": {"logger_name": "legion"}, "context": {"module": "database", "filename": "database.py", "line": 279}}
{"time": "2019-02-26 13:09:35,727", "name": "Waiting 0.72s before commit...", "level": "INFO", "data": {"logger_name": "legion"}, "context": {"module": "database", "filename": "database.py", "line": 283}}
{"time": "2019-02-26 13:09:36,467", "name": "DB lock released", "level": "INFO", "data": {"logger_name": "legion"}, "context": {"module": "database", "filename": "database.py", "line": 299}}
{"time": "2019-02-26 13:09:36,473", "name": "Process 3 is done!", "level": "INFO", "data": {"logger_name": "legion"}, "context": {"module": "controller", "filename": "controller.py", "line": 738}}
{"time": "2019-02-26 13:09:36,479", "name": "Storing process output into db: <db.database.process_output object at 0x7f2f441092b0>", "level": "INFO", "data": {"logger_name": "legion"}, "context": {"module": "logic", "filename": "logic.py", "line": 525}}
{"time": "2019-02-26 13:09:36,480", "name": "DB lock aquired", "level": "INFO", "data": {"logger_name": "legion"}, "context": {"module": "database", "filename": "database.py", "line": 279}}
{"time": "2019-02-26 13:09:36,481", "name": "Waiting 0.5s before commit...", "level": "INFO", "data": {"logger_name": "legion"}, "context": {"module": "database", "filename": "database.py", "line": 283}}
{"time": "2019-02-26 13:09:37,006", "name": "DB lock released", "level": "INFO", "data": {"logger_name": "legion"}, "context": {"module": "database", "filename": "database.py", "line": 299}}
{"time": "2019-02-26 13:09:37,008", "name": "Halting process panel update timer as all processes are finished.", "level": "INFO", "data": {"logger_name": "legion"}, "context": {"module": "controller", "filename": "controller.py", "line": 544}}
{"time": "2019-02-26 13:10:56,316", "name": "DB lock aquired", "level": "INFO", "data": {"logger_name": "legion"}, "context": {"module": "database", "filename": "database.py", "line": 279}}
{"time": "2019-02-26 13:10:56,318", "name": "Waiting 0.58s before commit...", "level": "INFO", "data": {"logger_name": "legion"}, "context": {"module": "database", "filename": "database.py", "line": 283}}
{"time": "2019-02-26 13:10:56,924", "name": "DB lock released", "level": "INFO", "data": {"logger_name": "legion"}, "context": {"module": "database", "filename": "database.py", "line": 299}}
{"time": "2019-02-26 13:10:57,060", "name": "Process 5 is done!", "level": "INFO", "data": {"logger_name": "legion"}, "context": {"module": "controller", "filename": "controller.py", "line": 738}}
{"time": "2019-02-26 13:10:57,178", "name": "Storing process output into db: <db.database.process_output object at 0x7f2f37d13b00>", "level": "INFO", "data": {"logger_name": "legion"}, "context": {"module": "logic", "filename": "logic.py", "line": 525}}
{"time": "2019-02-26 13:10:57,415", "name": "DB lock aquired", "level": "INFO", "data": {"logger_name": "legion"}, "context": {"module": "database", "filename": "database.py", "line": 279}}
{"time": "2019-02-26 13:10:57,419", "name": "Waiting 0.87s before commit...", "level": "INFO", "data": {"logger_name": "legion"}, "context": {"module": "database", "filename": "database.py", "line": 283}}
{"time": "2019-02-26 13:10:58,310", "name": "DB lock released", "level": "INFO", "data": {"logger_name": "legion"}, "context": {"module": "database", "filename": "database.py", "line": 299}}
{"time": "2019-02-26 13:10:58,313", "name": "Halting process panel update timer as all processes are finished.", "level": "INFO", "data": {"logger_name": "legion"}, "context": {"module": "controller", "filename": "controller.py", "line": 544}}
{"time": "2019-02-26 13:10:58,316", "name": "runStagedNmap called for stage 4", "level": "INFO", "data": {"logger_name": "legion"}, "context": {"module": "controller", "filename": "controller.py", "line": 666}}
{"time": "2019-02-26 13:10:58,320", "name": "Add process", "level": "INFO", "data": {"logger_name": "legion"}, "context": {"module": "logic", "filename": "logic.py", "line": 417}}
{"time": "2019-02-26 13:10:58,326", "name": "<db.database.process object at 0x7f2f37cef518>", "level": "INFO", "data": {"logger_name": "legion"}, "context": {"module": "logic", "filename": "logic.py", "line": 420}}
{"time": "2019-02-26 13:10:58,328", "name": "DB lock aquired", "level": "INFO", "data": {"logger_name": "legion"}, "context": {"module": "database", "filename": "database.py", "line": 279}}
{"time": "2019-02-26 13:10:58,330", "name": "Waiting 0.99s before commit...", "level": "INFO", "data": {"logger_name": "legion"}, "context": {"module": "database", "filename": "database.py", "line": 283}}
{"time": "2019-02-26 13:10:59,340", "name": "DB lock released", "level": "INFO", "data": {"logger_name": "legion"}, "context": {"module": "database", "filename": "database.py", "line": 299}}
{"time": "2019-02-26 13:10:59,344", "name": "Queuing: nmap -T4 -sC -n -sSU -p T:23,21,22,110,111,2049,3389,8080,U:500,5060 192.168.2.2 -oA ./tmp/legion-eaie8utr-running/nmap/20190226131058319994-nmapstage4", "level": "INFO", "data": {"logger_name": "legion"}, "context": {"module": "controller", "filename": "controller.py", "line": 606}}
{"time": "2019-02-26 13:10:59,388", "name": "DB lock aquired", "level": "INFO", "data": {"logger_name": "legion"}, "context": {"module": "database", "filename": "database.py", "line": 279}}
{"time": "2019-02-26 13:10:59,391", "name": "Waiting 0.09s before commit...", "level": "INFO", "data": {"logger_name": "legion"}, "context": {"module": "database", "filename": "database.py", "line": 283}}
{"time": "2019-02-26 13:10:59,497", "name": "DB lock released", "level": "INFO", "data": {"logger_name": "legion"}, "context": {"module": "database", "filename": "database.py", "line": 299}}
{"time": "2019-02-26 13:10:59,499", "name": "runCommand called for stage 4", "level": "INFO", "data": {"logger_name": "legion"}, "context": {"module": "controller", "filename": "controller.py", "line": 622}}
{"time": "2019-02-26 13:10:59,500", "name": "runCommand connected for stage 4", "level": "INFO", "data": {"logger_name": "legion"}, "context": {"module": "controller", "filename": "controller.py", "line": 625}}
{"time": "2019-02-26 13:10:59,505", "name": "Scheduler started!", "level": "INFO", "data": {"logger_name": "legion"}, "context": {"module": "controller", "filename": "controller.py", "line": 771}}
{"time": "2019-02-26 13:10:59,506", "name": "Running tools for: telnet on 192.168.2.2:23", "level": "INFO", "data": {"logger_name": "legion"}, "context": {"module": "controller", "filename": "controller.py", "line": 784}}
{"time": "2019-02-26 13:10:59,507", "name": "Running tools for: domain on 192.168.2.2:53", "level": "INFO", "data": {"logger_name": "legion"}, "context": {"module": "controller", "filename": "controller.py", "line": 784}}
{"time": "2019-02-26 13:10:59,516", "name": "Running tools for: http on 192.168.2.2:80", "level": "INFO", "data": {"logger_name": "legion"}, "context": {"module": "controller", "filename": "controller.py", "line": 784}}
{"time": "2019-02-26 13:10:59,523", "name": "Add process", "level": "INFO", "data": {"logger_name": "legion"}, "context": {"module": "logic", "filename": "logic.py", "line": 417}}
{"time": "2019-02-26 13:10:59,525", "name": "<db.database.process object at 0x7f2f37d133c8>", "level": "INFO", "data": {"logger_name": "legion"}, "context": {"module": "logic", "filename": "logic.py", "line": 420}}
{"time": "2019-02-26 13:10:59,535", "name": "DB lock aquired", "level": "INFO", "data": {"logger_name": "legion"}, "context": {"module": "database", "filename": "database.py", "line": 279}}
{"time": "2019-02-26 13:10:59,537", "name": "Waiting 0.53s before commit...", "level": "INFO", "data": {"logger_name": "legion"}, "context": {"module": "database", "filename": "database.py", "line": 283}}
{"time": "2019-02-26 13:11:00,089", "name": "DB lock released", "level": "INFO", "data": {"logger_name": "legion"}, "context": {"module": "database", "filename": "database.py", "line": 299}}
{"time": "2019-02-26 13:11:00,094", "name": "Queuing: nikto -o ./tmp/legion-eaie8utr-running/nikto/20190226131059518548-nikto-192.168.2.2-80.txt -p 80 -h 192.168.2.2 -C all", "level": "INFO", "data": {"logger_name": "legion"}, "context": {"module": "controller", "filename": "controller.py", "line": 606}}
{"time": "2019-02-26 13:11:00,139", "name": "DB lock aquired", "level": "INFO", "data": {"logger_name": "legion"}, "context": {"module": "database", "filename": "database.py", "line": 279}}
{"time": "2019-02-26 13:11:00,141", "name": "Waiting 0.43s before commit...", "level": "INFO", "data": {"logger_name": "legion"}, "context": {"module": "database", "filename": "database.py", "line": 283}}
{"time": "2019-02-26 13:11:00,588", "name": "DB lock released", "level": "INFO", "data": {"logger_name": "legion"}, "context": {"module": "database", "filename": "database.py", "line": 299}}
{"time": "2019-02-26 13:11:00,590", "name": "runCommand called for stage 0", "level": "INFO", "data": {"logger_name": "legion"}, "context": {"module": "controller", "filename": "controller.py", "line": 622}}
{"time": "2019-02-26 13:11:00,591", "name": "Running tools for: http on 192.168.2.2:443", "level": "INFO", "data": {"logger_name": "legion"}, "context": {"module": "controller", "filename": "controller.py", "line": 784}}
{"time": "2019-02-26 13:11:00,600", "name": "Add process", "level": "INFO", "data": {"logger_name": "legion"}, "context": {"module": "logic", "filename": "logic.py", "line": 417}}
{"time": "2019-02-26 13:11:00,604", "name": "<db.database.process object at 0x7f2f37d136a0>", "level": "INFO", "data": {"logger_name": "legion"}, "context": {"module": "logic", "filename": "logic.py", "line": 420}}
{"time": "2019-02-26 13:11:00,605", "name": "DB lock aquired", "level": "INFO", "data": {"logger_name": "legion"}, "context": {"module": "database", "filename": "database.py", "line": 279}}
{"time": "2019-02-26 13:11:00,606", "name": "Waiting 0.23s before commit...", "level": "INFO", "data": {"logger_name": "legion"}, "context": {"module": "database", "filename": "database.py", "line": 283}}
{"time": "2019-02-26 13:11:00,856", "name": "DB lock released", "level": "INFO", "data": {"logger_name": "legion"}, "context": {"module": "database", "filename": "database.py", "line": 299}}
{"time": "2019-02-26 13:11:00,861", "name": "Queuing: nikto -o ./tmp/legion-eaie8utr-running/nikto/20190226131100592831-nikto-192.168.2.2-443.txt -p 443 -h 192.168.2.2 -C all", "level": "INFO", "data": {"logger_name": "legion"}, "context": {"module": "controller", "filename": "controller.py", "line": 606}}
{"time": "2019-02-26 13:11:00,905", "name": "DB lock aquired", "level": "INFO", "data": {"logger_name": "legion"}, "context": {"module": "database", "filename": "database.py", "line": 279}}
{"time": "2019-02-26 13:11:00,909", "name": "Waiting 0.76s before commit...", "level": "INFO", "data": {"logger_name": "legion"}, "context": {"module": "database", "filename": "database.py", "line": 283}}
{"time": "2019-02-26 13:11:01,688", "name": "DB lock released", "level": "INFO", "data": {"logger_name": "legion"}, "context": {"module": "database", "filename": "database.py", "line": 299}}
{"time": "2019-02-26 13:11:01,690", "name": "runCommand called for stage 0", "level": "INFO", "data": {"logger_name": "legion"}, "context": {"module": "controller", "filename": "controller.py", "line": 622}}
{"time": "2019-02-26 13:11:01,691", "name": "-----------------------------------------------", "level": "INFO", "data": {"logger_name": "legion"}, "context": {"module": "controller", "filename": "controller.py", "line": 780}}
{"time": "2019-02-26 13:11:01,692", "name": "Scheduler ended!", "level": "INFO", "data": {"logger_name": "legion"}, "context": {"module": "controller", "filename": "controller.py", "line": 781}}
{"time": "2019-02-26 13:11:01,802", "name": "DB lock aquired", "level": "INFO", "data": {"logger_name": "legion"}, "context": {"module": "database", "filename": "database.py", "line": 279}}
{"time": "2019-02-26 13:11:01,805", "name": "Waiting 0.9s before commit...", "level": "INFO", "data": {"logger_name": "legion"}, "context": {"module": "database", "filename": "database.py", "line": 283}}
{"time": "2019-02-26 13:11:02,708", "name": "DB lock released", "level": "INFO", "data": {"logger_name": "legion"}, "context": {"module": "database", "filename": "database.py", "line": 299}}
{"time": "2019-02-26 13:11:04,379", "name": "DB lock aquired", "level": "INFO", "data": {"logger_name": "legion"}, "context": {"module": "database", "filename": "database.py", "line": 279}}
{"time": "2019-02-26 13:11:04,380", "name": "Waiting 0.28s before commit...", "level": "INFO", "data": {"logger_name": "legion"}, "context": {"module": "database", "filename": "database.py", "line": 283}}
{"time": "2019-02-26 13:11:04,676", "name": "DB lock released", "level": "INFO", "data": {"logger_name": "legion"}, "context": {"module": "database", "filename": "database.py", "line": 299}}
{"time": "2019-02-26 13:11:04,759", "name": "Process 8 is done!", "level": "INFO", "data": {"logger_name": "legion"}, "context": {"module": "controller", "filename": "controller.py", "line": 738}}
{"time": "2019-02-26 13:11:04,822", "name": "Storing process output into db: <db.database.process_output object at 0x7f2f440b97f0>", "level": "INFO", "data": {"logger_name": "legion"}, "context": {"module": "logic", "filename": "logic.py", "line": 525}}
{"time": "2019-02-26 13:11:04,960", "name": "DB lock aquired", "level": "INFO", "data": {"logger_name": "legion"}, "context": {"module": "database", "filename": "database.py", "line": 279}}
{"time": "2019-02-26 13:11:04,964", "name": "Waiting 0.88s before commit...", "level": "INFO", "data": {"logger_name": "legion"}, "context": {"module": "database", "filename": "database.py", "line": 283}}
{"time": "2019-02-26 13:11:05,869", "name": "DB lock released", "level": "INFO", "data": {"logger_name": "legion"}, "context": {"module": "database", "filename": "database.py", "line": 299}}
{"time": "2019-02-26 13:11:05,872", "name": "Halting process panel update timer as all processes are finished.", "level": "INFO", "data": {"logger_name": "legion"}, "context": {"module": "controller", "filename": "controller.py", "line": 544}}
{"time": "2019-02-26 13:11:05,875", "name": "runStagedNmap called for stage 5", "level": "INFO", "data": {"logger_name": "legion"}, "context": {"module": "controller", "filename": "controller.py", "line": 666}}
{"time": "2019-02-26 13:11:05,879", "name": "Add process", "level": "INFO", "data": {"logger_name": "legion"}, "context": {"module": "logic", "filename": "logic.py", "line": 417}}
{"time": "2019-02-26 13:11:05,887", "name": "<db.database.process object at 0x7f2f440a4da0>", "level": "INFO", "data": {"logger_name": "legion"}, "context": {"module": "logic", "filename": "logic.py", "line": 420}}
{"time": "2019-02-26 13:11:05,890", "name": "DB lock aquired", "level": "INFO", "data": {"logger_name": "legion"}, "context": {"module": "database", "filename": "database.py", "line": 279}}
{"time": "2019-02-26 13:11:05,892", "name": "Waiting 0.82s before commit...", "level": "INFO", "data": {"logger_name": "legion"}, "context": {"module": "database", "filename": "database.py", "line": 283}}
{"time": "2019-02-26 13:11:06,729", "name": "DB lock released", "level": "INFO", "data": {"logger_name": "legion"}, "context": {"module": "database", "filename": "database.py", "line": 299}}
{"time": "2019-02-26 13:11:06,737", "name": "Queuing: nmap -T4 -sC -n -sSU -p T:0-20,24,26-79,81-109,112-134,136,138,140-442,444,446-1432,1434-2048,2050-3305,3307-3388,3390-5431,5433-8079,8081-29999 192.168.2.2 -oA ./tmp/legion-eaie8utr-running/nmap/20190226131105879222-nmapstage5", "level": "INFO", "data": {"logger_name": "legion"}, "context": {"module": "controller", "filename": "controller.py", "line": 606}}
{"time": "2019-02-26 13:11:06,776", "name": "DB lock aquired", "level": "INFO", "data": {"logger_name": "legion"}, "context": {"module": "database", "filename": "database.py", "line": 279}}
{"time": "2019-02-26 13:11:06,778", "name": "Waiting 0.92s before commit...", "level": "INFO", "data": {"logger_name": "legion"}, "context": {"module": "database", "filename": "database.py", "line": 283}}
{"time": "2019-02-26 13:11:07,719", "name": "DB lock released", "level": "INFO", "data": {"logger_name": "legion"}, "context": {"module": "database", "filename": "database.py", "line": 299}}
{"time": "2019-02-26 13:11:07,721", "name": "runCommand called for stage 5", "level": "INFO", "data": {"logger_name": "legion"}, "context": {"module": "controller", "filename": "controller.py", "line": 622}}
{"time": "2019-02-26 13:11:07,722", "name": "runCommand connected for stage 5", "level": "INFO", "data": {"logger_name": "legion"}, "context": {"module": "controller", "filename": "controller.py", "line": 625}}
{"time": "2019-02-26 13:11:07,728", "name": "Scheduler started!", "level": "INFO", "data": {"logger_name": "legion"}, "context": {"module": "controller", "filename": "controller.py", "line": 771}}
{"time": "2019-02-26 13:11:07,784", "name": "Running tools for: telnet on 192.168.2.2:23", "level": "INFO", "data": {"logger_name": "legion"}, "context": {"module": "controller", "filename": "controller.py", "line": 784}}
{"time": "2019-02-26 13:11:07,785", "name": "-----------------------------------------------", "level": "INFO", "data": {"logger_name": "legion"}, "context": {"module": "controller", "filename": "controller.py", "line": 780}}
{"time": "2019-02-26 13:11:07,786", "name": "Scheduler ended!", "level": "INFO", "data": {"logger_name": "legion"}, "context": {"module": "controller", "filename": "controller.py", "line": 781}}
{"time": "2019-02-26 13:11:08,600", "name": "DB lock aquired", "level": "INFO", "data": {"logger_name": "legion"}, "context": {"module": "database", "filename": "database.py", "line": 279}}
{"time": "2019-02-26 13:11:08,601", "name": "Waiting 0.28s before commit...", "level": "INFO", "data": {"logger_name": "legion"}, "context": {"module": "database", "filename": "database.py", "line": 283}}
{"time": "2019-02-26 13:11:08,884", "name": "DB lock released", "level": "INFO", "data": {"logger_name": "legion"}, "context": {"module": "database", "filename": "database.py", "line": 299}}
{"time": "2019-02-26 13:11:11,599", "name": "DB lock aquired", "level": "INFO", "data": {"logger_name": "legion"}, "context": {"module": "database", "filename": "database.py", "line": 279}}
{"time": "2019-02-26 13:11:11,601", "name": "Waiting 0.72s before commit...", "level": "INFO", "data": {"logger_name": "legion"}, "context": {"module": "database", "filename": "database.py", "line": 283}}
{"time": "2019-02-26 13:11:12,324", "name": "DB lock released", "level": "INFO", "data": {"logger_name": "legion"}, "context": {"module": "database", "filename": "database.py", "line": 299}}
{"time": "2019-02-26 13:11:16,443", "name": "DB lock aquired", "level": "INFO", "data": {"logger_name": "legion"}, "context": {"module": "database", "filename": "database.py", "line": 279}}
{"time": "2019-02-26 13:11:16,445", "name": "Waiting 0.23s before commit...", "level": "INFO", "data": {"logger_name": "legion"}, "context": {"module": "database", "filename": "database.py", "line": 283}}
{"time": "2019-02-26 13:11:16,701", "name": "DB lock released", "level": "INFO", "data": {"logger_name": "legion"}, "context": {"module": "database", "filename": "database.py", "line": 299}}
{"time": "2019-02-26 13:11:16,708", "name": "Process 10 is done!", "level": "INFO", "data": {"logger_name": "legion"}, "context": {"module": "controller", "filename": "controller.py", "line": 738}}
{"time": "2019-02-26 13:11:16,716", "name": "Storing process output into db: <db.database.process_output object at 0x7f2f44109898>", "level": "INFO", "data": {"logger_name": "legion"}, "context": {"module": "logic", "filename": "logic.py", "line": 525}}
{"time": "2019-02-26 13:11:16,717", "name": "DB lock aquired", "level": "INFO", "data": {"logger_name": "legion"}, "context": {"module": "database", "filename": "database.py", "line": 279}}
{"time": "2019-02-26 13:11:16,718", "name": "Waiting 0.56s before commit...", "level": "INFO", "data": {"logger_name": "legion"}, "context": {"module": "database", "filename": "database.py", "line": 283}}
{"time": "2019-02-26 13:11:17,294", "name": "DB lock released", "level": "INFO", "data": {"logger_name": "legion"}, "context": {"module": "database", "filename": "database.py", "line": 299}}
{"time": "2019-02-26 13:11:17,296", "name": "Halting process panel update timer as all processes are finished.", "level": "INFO", "data": {"logger_name": "legion"}, "context": {"module": "controller", "filename": "controller.py", "line": 544}}
{"time": "2019-02-26 13:11:18,692", "name": "Killing process: 16146", "level": "INFO", "data": {"logger_name": "legion"}, "context": {"module": "controller", "filename": "controller.py", "line": 554}}
{"time": "2019-02-26 13:11:18,702", "name": "DB lock aquired", "level": "INFO", "data": {"logger_name": "legion"}, "context": {"module": "database", "filename": "database.py", "line": 279}}
{"time": "2019-02-26 13:11:18,707", "name": "Waiting 0.65s before commit...", "level": "INFO", "data": {"logger_name": "legion"}, "context": {"module": "database", "filename": "database.py", "line": 283}}
{"time": "2019-02-26 13:11:19,376", "name": "DB lock released", "level": "INFO", "data": {"logger_name": "legion"}, "context": {"module": "database", "filename": "database.py", "line": 299}}
{"time": "2019-02-26 13:11:19,424", "name": "Process 11 Crashed!", "level": "INFO", "data": {"logger_name": "legion"}, "context": {"module": "controller", "filename": "controller.py", "line": 716}}
{"time": "2019-02-26 13:11:19,425", "name": "Process 11 Output: \n\tStarting Nmap 7.70 ( https://nmap.org ) at 2019-02-26 13:11 Central Standard Time", "level": "INFO", "data": {"logger_name": "legion"}, "context": {"module": "controller", "filename": "controller.py", "line": 718}}
{"time": "2019-02-26 13:11:19,428", "name": "DB lock aquired", "level": "INFO", "data": {"logger_name": "legion"}, "context": {"module": "database", "filename": "database.py", "line": 279}}
{"time": "2019-02-26 13:11:19,429", "name": "Waiting 0.61s before commit...", "level": "INFO", "data": {"logger_name": "legion"}, "context": {"module": "database", "filename": "database.py", "line": 283}}
{"time": "2019-02-26 13:11:20,059", "name": "DB lock released", "level": "INFO", "data": {"logger_name": "legion"}, "context": {"module": "database", "filename": "database.py", "line": 299}}
{"time": "2019-02-26 13:11:20,066", "name": "Storing process output into db: <db.database.process_output object at 0x7f2f44034208>", "level": "INFO", "data": {"logger_name": "legion"}, "context": {"module": "logic", "filename": "logic.py", "line": 525}}
{"time": "2019-02-26 13:11:20,067", "name": "DB lock aquired", "level": "INFO", "data": {"logger_name": "legion"}, "context": {"module": "database", "filename": "database.py", "line": 279}}
{"time": "2019-02-26 13:11:20,069", "name": "Waiting 0.81s before commit...", "level": "INFO", "data": {"logger_name": "legion"}, "context": {"module": "database", "filename": "database.py", "line": 283}}
{"time": "2019-02-26 13:11:20,905", "name": "DB lock released", "level": "INFO", "data": {"logger_name": "legion"}, "context": {"module": "database", "filename": "database.py", "line": 299}}
{"time": "2019-02-26 13:11:20,907", "name": "Halting process panel update timer as all processes are finished.", "level": "INFO", "data": {"logger_name": "legion"}, "context": {"module": "controller", "filename": "controller.py", "line": 544}}
{"time": "2019-02-26 13:11:20,909", "name": "runStagedNmap called for stage 6", "level": "INFO", "data": {"logger_name": "legion"}, "context": {"module": "controller", "filename": "controller.py", "line": 666}}
{"time": "2019-02-26 13:11:22,093", "name": "DB lock aquired", "level": "INFO", "data": {"logger_name": "legion"}, "context": {"module": "database", "filename": "database.py", "line": 279}}
{"time": "2019-02-26 13:11:22,094", "name": "Waiting 0.43s before commit...", "level": "INFO", "data": {"logger_name": "legion"}, "context": {"module": "database", "filename": "database.py", "line": 283}}
{"time": "2019-02-26 13:11:22,527", "name": "DB lock released", "level": "INFO", "data": {"logger_name": "legion"}, "context": {"module": "database", "filename": "database.py", "line": 299}}
{"time": "2019-02-26 13:11:34,706", "name": "Killing process: 16113", "level": "INFO", "data": {"logger_name": "legion"}, "context": {"module": "controller", "filename": "controller.py", "line": 554}}
{"time": "2019-02-26 13:11:34,709", "name": "DB lock aquired", "level": "INFO", "data": {"logger_name": "legion"}, "context": {"module": "database", "filename": "database.py", "line": 279}}
{"time": "2019-02-26 13:11:34,710", "name": "Waiting 0.11s before commit...", "level": "INFO", "data": {"logger_name": "legion"}, "context": {"module": "database", "filename": "database.py", "line": 283}}
{"time": "2019-02-26 13:11:34,841", "name": "DB lock released", "level": "INFO", "data": {"logger_name": "legion"}, "context": {"module": "database", "filename": "database.py", "line": 299}}
{"time": "2019-02-26 13:11:34,908", "name": "Process 9 Crashed!", "level": "INFO", "data": {"logger_name": "legion"}, "context": {"module": "controller", "filename": "controller.py", "line": 716}}
{"time": "2019-02-26 13:11:34,909", "name": "Process 9 Output: \n\t- Nikto v2.1.5---------------------------------------------------------------------------", "level": "INFO", "data": {"logger_name": "legion"}, "context": {"module": "controller", "filename": "controller.py", "line": 718}}
{"time": "2019-02-26 13:11:34,912", "name": "DB lock aquired", "level": "INFO", "data": {"logger_name": "legion"}, "context": {"module": "database", "filename": "database.py", "line": 279}}
{"time": "2019-02-26 13:11:34,913", "name": "Waiting 0.5s before commit...", "level": "INFO", "data": {"logger_name": "legion"}, "context": {"module": "database", "filename": "database.py", "line": 283}}
{"time": "2019-02-26 13:11:35,432", "name": "DB lock released", "level": "INFO", "data": {"logger_name": "legion"}, "context": {"module": "database", "filename": "database.py", "line": 299}}
{"time": "2019-02-26 13:11:35,438", "name": "Storing process output into db: <db.database.process_output object at 0x7f2f4409b860>", "level": "INFO", "data": {"logger_name": "legion"}, "context": {"module": "logic", "filename": "logic.py", "line": 525}}
{"time": "2019-02-26 13:11:35,439", "name": "DB lock aquired", "level": "INFO", "data": {"logger_name": "legion"}, "context": {"module": "database", "filename": "database.py", "line": 279}}
{"time": "2019-02-26 13:11:35,440", "name": "Waiting 0.36s before commit...", "level": "INFO", "data": {"logger_name": "legion"}, "context": {"module": "database", "filename": "database.py", "line": 283}}
{"time": "2019-02-26 13:11:35,818", "name": "DB lock released", "level": "INFO", "data": {"logger_name": "legion"}, "context": {"module": "database", "filename": "database.py", "line": 299}}
{"time": "2019-02-26 13:11:35,820", "name": "Halting process panel update timer as all processes are finished.", "level": "INFO", "data": {"logger_name": "legion"}, "context": {"module": "controller", "filename": "controller.py", "line": 544}}
{"time": "2019-02-26 13:14:00,341", "name": "Settings have NOT been changed.", "level": "INFO", "data": {"logger_name": "legion"}, "context": {"module": "controller", "filename": "controller.py", "line": 117}}
{"time": "2019-02-26 13:14:00,349", "name": "DB lock aquired", "level": "INFO", "data": {"logger_name": "legion"}, "context": {"module": "database", "filename": "database.py", "line": 279}}
{"time": "2019-02-26 13:14:00,350", "name": "Waiting 0.02s before commit...", "level": "INFO", "data": {"logger_name": "legion"}, "context": {"module": "database", "filename": "database.py", "line": 283}}
{"time": "2019-02-26 13:14:00,395", "name": "DB lock released", "level": "INFO", "data": {"logger_name": "legion"}, "context": {"module": "database", "filename": "database.py", "line": 299}}
{"time": "2019-02-26 13:14:00,413", "name": "Exiting application..", "level": "INFO", "data": {"logger_name": "legion"}, "context": {"module": "view", "filename": "view.py", "line": 493}}
